<?xml version="1.0" encoding="utf-8"?><testsuites><testsuite name="pytest" errors="0" failures="0" skipped="1" tests="12" time="7.243" timestamp="2026-06-12T08:20:48.361454" hostname="agent-env-46069e3e-3827-43b7-afc2-16a1a01763c6"><testcase classname="tests.test_banban_v5" name="test_health_mongo_true" time="0.037" /><testcase classname="tests.test_banban_v5" name="test_ai_health_configured_false_no_keys" time="0.023" /><testcase classname="tests.test_banban_v5" name="test_ai_predict_graceful_when_no_keys" time="0.022" /><testcase classname="tests.test_banban_v5" name="test_scores_top_turkish_names" time="1.297" /><testcase classname="tests.test_banban_v5" name="test_scores_live_turkish_with_en" time="1.096" /><testcase classname="tests.test_banban_v5" name="test_livescore_today_stages_and_nmen" time="0.166" /><testcase classname="tests.test_banban_v5" name="test_status_uses_istanbul_timezone" time="1.080" /><testcase classname="tests.test_banban_v5" name="test_match_stats_accepts_turkish" time="0.751" /><testcase classname="tests.test_banban_v5" name="test_match_stats_accepts_english_same_result" time="1.344" /><testcase classname="tests.test_banban_v5" name="test_predictions_open" time="1.089" /><testcase classname="tests.test_banban_v5" name="test_auth_cookie_flow" time="0.251" /><testcase classname="tests.test_banban_v5" name="test_external_ingress_health" time="0.001"><skipped type="pytest.skip" message="No REACT_APP_BACKEND_URL set">/app/backend/tests/test_banban_v5.py:183: No REACT_APP_BACKEND_URL set</skipped></testcase></testsuite></testsuites>