<?xml version="1.0" encoding="utf-8"?><testsuites><testsuite name="pytest" errors="0" failures="0" skipped="0" tests="9" time="18.280" timestamp="2026-06-12T07:51:37.500106" hostname="agent-env-46069e3e-3827-43b7-afc2-16a1a01763c6"><testcase classname="tests.test_banban_v4" name="test_health_mongo_true" time="0.036" /><testcase classname="tests.test_banban_v4" name="test_ai_health_3_models" time="0.024" /><testcase classname="tests.test_banban_v4" name="test_scores_live_shape" time="1.283" /><testcase classname="tests.test_banban_v4" name="test_scores_top_world_cup_visible" time="1.079" /><testcase classname="tests.test_banban_v4" name="test_livescore_today_world_cup_stages" time="0.170" /><testcase classname="tests.test_banban_v4" name="test_ai_predict_3_models_harmonized" time="15.156" /><testcase classname="tests.test_banban_v4" name="test_auth_register_login_me_cookie_flow" time="0.248" /><testcase classname="tests.test_banban_v4" name="test_auth_me_no_cookie_returns_null" time="0.026" /><testcase classname="tests.test_banban_v4" name="test_external_ingress_health" time="0.195" /></testsuite></testsuites>